2026-04-17 19:22:28,633 - watchfiles.main - INFO - 1 change detected
2026-04-17 19:22:28,998 - watchfiles.main - INFO - 6 changes detected
2026-04-17 19:22:30,111 - watchfiles.main - INFO - 3 changes detected
2026-04-17 19:22:37,358 - watchfiles.main - INFO - 1 change detected
2026-04-17 19:26:31,855 - watchfiles.main - INFO - 3 changes detected
2026-04-17 19:26:34,151 - watchfiles.main - INFO - 1 change detected
2026-04-17 19:31:13,950 - watchfiles.main - INFO - 3 changes detected
2026-04-17 19:31:15,122 - watchfiles.main - INFO - 1 change detected
2026-04-17 19:33:18,680 - watchfiles.main - INFO - 3 changes detected
2026-04-17 19:33:19,849 - watchfiles.main - INFO - 1 change detected
2026-04-17 19:34:16,614 - watchfiles.main - INFO - 1 change detected
2026-04-17 19:37:07,720 - watchfiles.main - INFO - 3 changes detected
2026-04-17 19:37:08,889 - watchfiles.main - INFO - 1 change detected
2026-04-17 20:02:09,188 - AdvancedScanner - INFO - [STAGE 2] Initiating Deep Interrogation for ports: 25,110,119,143,465,587,993,995
2026-04-17 20:02:25,916 - root - INFO - [GRAPH-FALLBACK] Simulated Cypher: MERGE (h:Host {ip: '173.236.218.47'}) ...
2026-04-18 16:04:27,327 - AdvancedScanner - INFO - [STAGE 2] Initiating Deep Interrogation for ports: 25,110,119,143,465,587,993,995
2026-04-18 16:04:49,148 - root - INFO - [GRAPH-FALLBACK] Simulated Cypher: MERGE (h:Host {ip: 'google.com'}) ...
2026-04-18 16:14:35,596 - AdvancedScanner - INFO - [STAGE 2] Initiating Deep Interrogation for ports: 25,110,119,143,465,587,993,995
2026-04-18 16:14:59,533 - root - INFO - [GRAPH-FALLBACK] Simulated Cypher: MERGE (h:Host {ip: 'google.com'}) ...
2026-04-18 16:15:57,736 - AdvancedScanner - INFO - [STAGE 2] Initiating Deep Interrogation for ports: 25,110,143,587,993,995
2026-04-20 15:20:28,643 - AdvancedScanner - INFO - [STAGE 2] Initiating Deep Interrogation for ports: 25,80,110,119,143,443,465,587,993,995
2026-04-20 15:23:51,536 - root - INFO - [GRAPH-FALLBACK] Simulated Cypher: MERGE (h:Host {ip: 'google.com'}) ...
2026-04-20 15:24:59,251 - AdvancedScanner - INFO - [STAGE 2] Initiating Deep Interrogation for ports: 25,110,119,143,465,587,993,995
2026-04-20 15:25:06,976 - root - INFO - [GRAPH-FALLBACK] Simulated Cypher: MERGE (h:Host {ip: 'google.com'}) ...
2026-04-20 15:55:52,879 - AdvancedScanner - INFO - [STAGE 2] Initiating Deep Interrogation for ports: 25,80,110,119,143,443,465,587,993,995
2026-04-20 15:59:15,450 - root - INFO - [GRAPH-FALLBACK] Simulated Cypher: MERGE (h:Host {ip: 'google.com'}) ...
2026-04-20 16:06:27,656 - AdvancedScanner - INFO - [STAGE 2] Initiating Deep Interrogation for ports: 25,110,119,143,465,587,993,995
2026-04-20 16:06:34,897 - root - INFO - [GRAPH-FALLBACK] Simulated Cypher: MERGE (h:Host {ip: 'googel.com'}) ...
2026-04-20 16:08:39,779 - AdvancedScanner - INFO - [STAGE 2] Initiating Deep Interrogation for ports: 25,110,119,143,465,587,993,995
2026-04-20 16:08:47,774 - root - INFO - [GRAPH-FALLBACK] Simulated Cypher: MERGE (h:Host {ip: 'google.com'}) ...
2026-04-20 16:09:41,029 - AdvancedScanner - INFO - [STAGE 2] Initiating Deep Interrogation for ports: 25,80,110,119,143,443,465,587,995
2026-04-20 16:12:59,695 - root - INFO - [GRAPH-FALLBACK] Simulated Cypher: MERGE (h:Host {ip: 'google.com'}) ...
2026-04-20 16:21:16,671 - AdvancedScanner - INFO - [STAGE 2] Initiating Deep Interrogation for ports: 25,110,119,143,465,587,993,995
2026-04-20 16:21:25,138 - root - INFO - [GRAPH-FALLBACK] Simulated Cypher: MERGE (h:Host {ip: 'google.com'}) ...
2026-04-20 16:25:24,670 - AdvancedScanner - INFO - [STAGE 2] Initiating Deep Interrogation for ports: 25,110,119,143,465,587,993,995
2026-04-20 16:25:32,138 - root - INFO - [GRAPH-FALLBACK] Simulated Cypher: MERGE (h:Host {ip: 'google.com'}) ...
2026-04-20 17:09:21,053 - AdvancedScanner - INFO - [STAGE 2] Initiating Deep Interrogation for ports: 25,110,119,143,465,587,993,995
2026-04-20 17:09:37,367 - root - INFO - [GRAPH-FALLBACK] Simulated Cypher: MERGE (h:Host {ip: 'google.com'}) ...
2026-04-20 17:14:34,158 - AdvancedScanner - INFO - [STAGE 2] Initiating Deep Interrogation for ports: 25,110,119,143,465,587,993,995
2026-04-20 17:14:47,424 - root - INFO - [GRAPH-FALLBACK] Simulated Cypher: MERGE (h:Host {ip: 'google.com'}) ...
2026-04-20 18:23:49,636 - AdvancedScanner - INFO - [STAGE 2] Initiating Deep Interrogation for ports: 25,110,119,143,465,587,993,995
2026-04-20 18:24:05,536 - root - INFO - [GRAPH-FALLBACK] Simulated Cypher: MERGE (h:Host {ip: 'google.com'}) ...
2026-04-20 19:09:53,527 - AdvancedScanner - INFO - [STAGE 2] Initiating Deep Interrogation for ports: 25,110,119,143,465,587,993,995
2026-04-20 19:10:11,910 - root - INFO - [GRAPH-FALLBACK] Simulated Cypher: MERGE (h:Host {ip: 'google.com'}) ...
2026-04-20 21:09:29,684 - AdvancedScanner - INFO - [STAGE 2] Initiating Deep Interrogation for ports: 25,110,119,143,465,587,993,995
2026-04-20 21:09:34,540 - root - INFO - [GRAPH-FALLBACK] Simulated Cypher: MERGE (h:Host {ip: '110.41.52.208'}) ...
2026-04-21 01:34:36,997 - watchfiles.main - INFO - 4 changes detected
2026-04-21 01:34:37,350 - watchfiles.main - INFO - 4 changes detected
2026-04-21 01:34:37,918 - watchfiles.main - INFO - 4 changes detected
2026-04-21 01:34:39,245 - watchfiles.main - INFO - 1 change detected
2026-04-21 01:35:01,229 - watchfiles.main - INFO - 1 change detected
2026-04-21 01:35:03,744 - watchfiles.main - INFO - 1 change detected
2026-04-21 01:38:30,907 - AdvancedScanner - INFO - [STAGE 2] Initiating Deep Interrogation for ports: 25,110,119,143,465,587,993,995
2026-04-21 01:38:41,655 - root - INFO - [GRAPH-FALLBACK] Simulated Cypher: MERGE (h:Host {ip: '172.104.219.125'}) ...
2026-04-21 01:52:27,922 - root - INFO - [GRAPH-FALLBACK] Simulated Cypher: MERGE (h:Host {ip: '89.144.48.193'}) ...
2026-04-21 01:53:48,154 - root - INFO - [GRAPH-FALLBACK] Simulated Cypher: MERGE (h:Host {ip: '89.144.48.193'}) ...
2026-04-21 01:57:26,260 - root - INFO - [GRAPH-FALLBACK] Simulated Cypher: MERGE (h:Host {ip: 'google.com'}) ...
2026-04-21 02:04:04,927 - root - INFO - [GRAPH-FALLBACK] Simulated Cypher: MERGE (h:Host {ip: 'google.com'}) ...
2026-04-21 02:19:31,362 - root - INFO - [GRAPH-FALLBACK] Simulated Cypher: MERGE (h:Host {ip: 'google.com'}) ...
2026-04-21 04:20:50,030 - root - INFO - [GRAPH-FALLBACK] Simulated Cypher: MERGE (h:Host {ip: '179.190.173.169'}) ...
2026-04-21 04:20:50,035 - root - INFO - [GRAPH-FALLBACK] Simulated Cypher: MERGE (h:Host {ip: '179.190.173.169'}) ...
2026-04-21 04:54:18,925 - root - INFO - [GRAPH-FALLBACK] Simulated Cypher: MERGE (h:Host {ip: 'google.com'}) ...
2026-04-21 21:26:46,722 - NexusOrchestrator - INFO - Initiating Unified Workflow for Target: 179.190.173.169 [ScanID: 9]
2026-04-21 21:26:46,724 - HexScanner - INFO - Starting DEEP Robust Scan for 179.190.173.169
2026-04-21 21:27:04,907 - NexusOrchestrator - INFO - Discovery phase complete. Identified 2 services and 3 potential vulnerabilities.
2026-04-21 21:27:04,975 - HexaShieldAI - INFO - AIRiskEngine Initialized. Training Complete. Model Accuracy: 96.83%
2026-04-21 21:27:04,976 - NexusOrchestrator - ERROR - Critical Workflow Failure: 'str' object has no attribute 'get'
Traceback (most recent call last):
  File "C:\Users\user\Desktop\hex\backend\services\orchestrator.py", line 62, in run_unified_workflow
    ai_results = ai_risk_engine.predict_risk(findings)
  File "C:\Users\user\Desktop\hex\backend\services\ai_risk_engine.py", line 163, in predict_risk
    features_df = self.feature_engineering(findings)
  File "C:\Users\user\Desktop\hex\backend\services\ai_risk_engine.py", line 88, in feature_engineering
    cvss = float(f.get("cvss") or f.get("cvss_score") or 5.0)
                 ^^^^^
AttributeError: 'str' object has no attribute 'get'
2026-04-21 21:58:28,915 - NexusOrchestrator - INFO - Initiating Unified Workflow for Target: 179.190.173.169 [ScanID: 9]
2026-04-21 21:58:28,925 - HexScanner - INFO - Starting DEEP Robust Scan for 179.190.173.169
2026-04-21 21:58:46,542 - NexusOrchestrator - INFO - Discovery phase complete. Identified 2 services and 3 potential vulnerabilities.
2026-04-21 21:58:46,914 - HexaShieldAI - INFO - AIRiskEngine Initialized. Training Complete. Model Accuracy: 96.83%
2026-04-21 21:58:46,916 - NexusOrchestrator - ERROR - Critical Workflow Failure: 'str' object has no attribute 'get'
Traceback (most recent call last):
  File "C:\Users\user\Desktop\hex\backend\services\orchestrator.py", line 62, in run_unified_workflow
    ai_results = ai_risk_engine.predict_risk(findings)
  File "C:\Users\user\Desktop\hex\backend\services\ai_risk_engine.py", line 162, in predict_risk
    features_df = self.feature_engineering(findings)
  File "C:\Users\user\Desktop\hex\backend\services\ai_risk_engine.py", line 87, in feature_engineering
    cvss = float(f.get("cvss") or f.get("cvss_score") or 5.0)
                 ^^^^^
AttributeError: 'str' object has no attribute 'get'
2026-04-21 22:14:06,686 - NexusOrchestrator - INFO - Initiating Unified Workflow for Target: 179.190.173.169 [ScanID: 9]
2026-04-21 22:14:06,689 - HexScanner - INFO - Starting DEEP Robust Scan for 179.190.173.169
2026-04-21 22:14:29,569 - NexusOrchestrator - INFO - Discovery phase complete. Identified 2 services.
2026-04-21 22:14:29,612 - NexusOrchestrator - INFO - Workflow Success for 179.190.173.169. Intelligence persistent.
2026-04-21 22:15:17,662 - NexusOrchestrator - INFO - Initiating Unified Workflow for Target: 127.0.0.1 [ScanID: 10]
2026-04-21 22:15:17,664 - HexScanner - INFO - Starting FAST Robust Scan for 127.0.0.1
2026-04-21 22:15:18,627 - NexusOrchestrator - INFO - Discovery phase complete. Identified 3 services.
2026-04-21 22:15:18,642 - NexusOrchestrator - INFO - Workflow Success for 127.0.0.1. Intelligence persistent.
2026-04-21 22:16:17,447 - NexusOrchestrator - INFO - Initiating Unified Workflow for Target: 127.0.0.1 [ScanID: 11]
2026-04-21 22:16:17,448 - HexScanner - INFO - Starting FAST Robust Scan for 127.0.0.1
2026-04-21 22:16:18,239 - NexusOrchestrator - INFO - Discovery phase complete. Identified 3 services.
2026-04-21 22:16:18,239 - NexusOrchestrator - INFO - Analyzing 3 potential vulnerabilities via AI Risk Engine...
2026-04-21 22:16:18,280 - HexaShieldAI - INFO - AIRiskEngine Initialized. Training Complete. Model Accuracy: 96.83%
2026-04-21 22:16:18,287 - NexusOrchestrator - ERROR - Critical Workflow Failure: 'name'
Traceback (most recent call last):
  File "c:\Users/user/Desktop/hex/backend\services\orchestrator.py", line 73, in run_unified_workflow
    VulnService.persist_findings(scan_id, findings, db)
    ~~~~~~~~~~~~~~~~~~~~~~~~~~~~^^^^^^^^^^^^^^^^^^^^^^^
  File "c:\Users/user/Desktop/hex/backend\services\vuln_service.py", line 167, in persist_findings
    "name": f['name'],
            ~^^^^^^^^
KeyError: 'name'
2026-04-21 22:16:40,948 - NexusOrchestrator - INFO - Initiating Unified Workflow for Target: 127.0.0.1 [ScanID: 12]
2026-04-21 22:16:40,950 - HexScanner - INFO - Starting FAST Robust Scan for 127.0.0.1
2026-04-21 22:16:41,786 - NexusOrchestrator - INFO - Discovery phase complete. Identified 3 services.
2026-04-21 22:16:41,786 - NexusOrchestrator - INFO - Analyzing 3 potential vulnerabilities via AI Risk Engine...
2026-04-21 22:16:41,804 - HexaShieldAI - INFO - AIRiskEngine Initialized. Training Complete. Model Accuracy: 96.83%
2026-04-21 22:16:43,833 - neo4j.session - WARNING - Transaction failed and will be retried in 1.1672535559752149s (Couldn't connect to localhost:7687 (resolved to ('[::1]:7687', '127.0.0.1:7687')):
Timed out trying to establish connection to ResolvedIPv6Address(('::1', 7687, 0, 0))
Timed out trying to establish connection to ResolvedIPv4Address(('127.0.0.1', 7687)))
2026-04-21 22:16:49,053 - neo4j.session - WARNING - Transaction failed and will be retried in 0.946649871165125s (Couldn't connect to localhost:7687 (resolved to ('[::1]:7687', '127.0.0.1:7687')):
Timed out trying to establish connection to ResolvedIPv6Address(('::1', 7687, 0, 0))
Timed out trying to establish connection to ResolvedIPv4Address(('127.0.0.1', 7687)))
2026-04-21 22:16:54,044 - neo4j.session - WARNING - Transaction failed and will be retried in 1.1360509739571611s (Couldn't connect to localhost:7687 (resolved to ('[::1]:7687', '127.0.0.1:7687')):
Timed out trying to establish connection to ResolvedIPv6Address(('::1', 7687, 0, 0))
Timed out trying to establish connection to ResolvedIPv4Address(('127.0.0.1', 7687)))
2026-04-21 22:16:57,217 - NexusOrchestrator - INFO - Workflow Success for 127.0.0.1. Intelligence persistent.
2026-04-21 22:17:40,866 - NexusOrchestrator - INFO - Initiating Unified Workflow for Target: 179.190.173.169 [ScanID: 13]
2026-04-21 22:17:40,870 - HexScanner - INFO - Starting DEEP Robust Scan for 179.190.173.169
2026-04-21 22:17:59,240 - NexusOrchestrator - INFO - Discovery phase complete. Identified 2 services.
2026-04-21 22:17:59,241 - NexusOrchestrator - INFO - Analyzing 2 potential vulnerabilities via AI Risk Engine...
2026-04-21 22:17:59,346 - HexaShieldAI - INFO - AIRiskEngine Initialized. Training Complete. Model Accuracy: 96.83%
2026-04-21 22:17:59,357 - root - INFO - [GRAPH-FALLBACK] Simulated Cypher: MERGE (h:Host {ip: '179.190.173.169'}) ...
2026-04-21 22:17:59,358 - root - INFO - [GRAPH-FALLBACK] Simulated Cypher: MERGE (h:Host {ip: '179.190.173.169'}) ...
2026-04-21 22:17:59,387 - NexusOrchestrator - INFO - Workflow Success for 179.190.173.169. Intelligence persistent.
2026-04-22 00:11:06,989 - NexusOrchestrator - INFO - Initiating Unified Workflow for Target: google.com [ScanID: 14]
2026-04-22 00:11:06,996 - HexScanner - INFO - Starting DEEP Robust Scan for google.com
2026-04-22 00:11:37,054 - NexusOrchestrator - INFO - Discovery phase complete. Identified 2 services.
2026-04-22 00:11:37,054 - NexusOrchestrator - INFO - Analyzing 2 potential vulnerabilities via AI Risk Engine...
2026-04-22 00:11:37,143 - HexaShieldAI - INFO - AIRiskEngine Initialized. Training Complete. Model Accuracy: 96.83%
2026-04-22 00:11:37,154 - root - INFO - [GRAPH-FALLBACK] Simulated Cypher: MERGE (h:Host {ip: 'google.com'}) ...
2026-04-22 00:11:37,154 - root - INFO - [GRAPH-FALLBACK] Simulated Cypher: MERGE (h:Host {ip: 'google.com'}) ...
2026-04-22 00:11:37,196 - NexusOrchestrator - INFO - Workflow Success for google.com. Intelligence persistent.
2026-04-23 11:44:43,338 - HexaShieldAI - INFO - AIRiskEngine Initialized. Training Complete. Model Accuracy: 96.83%
2026-04-23 11:48:40,784 - NexusOrchestrator - INFO - Initiating Unified Workflow for Target: google.com [ScanID: 18]
2026-04-23 11:48:40,786 - HexScanner - INFO - Starting DEEP Robust Scan for google.com
2026-04-23 11:48:57,284 - NexusOrchestrator - INFO - Discovery phase complete. Identified 2 services.
2026-04-23 11:48:57,285 - NexusOrchestrator - INFO - Analyzing 2 potential vulnerabilities via AI Risk Engine...
2026-04-23 11:48:57,318 - HexaShieldAI - INFO - AIRiskEngine Initialized. Training Complete. Model Accuracy: 96.83%
2026-04-23 11:48:57,324 - root - INFO - [GRAPH-FALLBACK] Simulated Cypher: MERGE (h:Host {ip: 'google.com'}) ...
2026-04-23 11:48:57,325 - root - INFO - [GRAPH-FALLBACK] Simulated Cypher: MERGE (h:Host {ip: 'google.com'}) ...
2026-04-23 11:48:57,353 - NexusOrchestrator - INFO - Workflow Success for google.com. Intelligence persistent.
2026-04-23 12:28:21,700 - NexusOrchestrator - INFO - Initiating Unified Workflow for Target: google.com [ScanID: 18]
2026-04-23 12:28:21,705 - HexScanner - INFO - Starting DEEP Robust Scan for google.com
2026-04-23 12:28:42,973 - NexusOrchestrator - INFO - Discovery phase complete. Identified 2 services.
2026-04-23 12:28:42,974 - NexusOrchestrator - INFO - Analyzing 2 potential vulnerabilities via AI Risk Engine...
2026-04-23 12:28:43,043 - HexaShieldAI - INFO - AIRiskEngine Initialized. Training Complete. Model Accuracy: 96.83%
2026-04-23 12:28:43,053 - root - INFO - [GRAPH-FALLBACK] Simulated Cypher: MERGE (h:Host {ip: 'google.com'}) ...
2026-04-23 12:28:43,053 - root - INFO - [GRAPH-FALLBACK] Simulated Cypher: MERGE (h:Host {ip: 'google.com'}) ...
2026-04-23 12:28:43,092 - NexusOrchestrator - INFO - Workflow Success for google.com. Intelligence persistent.
2026-04-23 12:37:12,443 - NexusOrchestrator - INFO - Initiating Unified Workflow for Target: 192.147.161.186 [ScanID: 19]
2026-04-23 12:37:12,445 - HexScanner - INFO - Starting PULSE Robust Scan for 192.147.161.186
2026-04-23 12:37:25,214 - NexusOrchestrator - INFO - Discovery phase complete. Identified 4 services.
2026-04-23 12:37:25,214 - NexusOrchestrator - INFO - Analyzing 4 potential vulnerabilities via AI Risk Engine...
2026-04-23 12:37:25,220 - root - INFO - [GRAPH-FALLBACK] Simulated Cypher: MERGE (h:Host {ip: '192.147.161.186'}) ...
2026-04-23 12:37:25,221 - root - INFO - [GRAPH-FALLBACK] Simulated Cypher: MERGE (h:Host {ip: '192.147.161.186'}) ...
2026-04-23 12:37:25,222 - root - INFO - [GRAPH-FALLBACK] Simulated Cypher: MERGE (h:Host {ip: '192.147.161.186'}) ...
2026-04-23 12:37:25,222 - root - INFO - [GRAPH-FALLBACK] Simulated Cypher: MERGE (h:Host {ip: '192.147.161.186'}) ...
2026-04-23 12:37:25,255 - NexusOrchestrator - INFO - Workflow Success for 192.147.161.186. Intelligence persistent.
2026-04-23 12:40:34,368 - HexaShieldAI - INFO - AIRiskEngine Initialized. Training Complete. Model Accuracy: 96.83%
2026-04-23 12:49:10,337 - HexaShieldAI - INFO - AIRiskEngine Initialized. Training Complete. Model Accuracy: 96.83%
2026-04-23 12:49:58,263 - NexusOrchestrator - INFO - Initiating Unified Workflow for Target: 200.170.224.213 [ScanID: 18]
2026-04-23 12:49:58,358 - HexScanner - INFO - Starting DEEP Robust Scan for 200.170.224.213
2026-04-23 12:50:16,803 - NexusOrchestrator - INFO - Discovery phase complete. Identified 6 services.
2026-04-23 12:50:16,804 - NexusOrchestrator - ERROR - Critical Workflow Failure: 'list' object has no attribute 'get'
Traceback (most recent call last):
  File "C:\Users\user\Desktop\hex\backend\services\orchestrator.py", line 58, in run_unified_workflow
    findings = vuln_results.get("vulnerabilities", [])
               ^^^^^^^^^^^^^^^^
AttributeError: 'list' object has no attribute 'get'
2026-04-23 13:00:10,511 - NexusOrchestrator - INFO - Initiating Unified Workflow for Target: 200.170.224.213 [ScanID: 18]
2026-04-23 13:00:10,516 - HexScanner - INFO - Starting DEEP Robust Scan for 200.170.224.213
2026-04-23 13:00:24,691 - NexusOrchestrator - INFO - Discovery phase complete. Identified 6 services.
2026-04-23 13:00:24,693 - NexusOrchestrator - ERROR - Critical Workflow Failure: 'list' object has no attribute 'get'
Traceback (most recent call last):
  File "C:\Users\user\Desktop\hex\backend\services\orchestrator.py", line 58, in run_unified_workflow
    findings = vuln_results.get("vulnerabilities", [])
               ^^^^^^^^^^^^^^^^
AttributeError: 'list' object has no attribute 'get'
2026-04-23 13:03:49,703 - NexusOrchestrator - INFO - Initiating Unified Workflow for Target: 200.170.224.213 [ScanID: 18]
2026-04-23 13:03:49,706 - HexScanner - INFO - Starting DEEP Robust Scan for 200.170.224.213
2026-04-23 13:03:49,743 - NexusOrchestrator - INFO - Initiating Unified Workflow for Target: 200.170.224.213 [ScanID: 18]
2026-04-23 13:03:49,744 - HexScanner - INFO - Starting DEEP Robust Scan for 200.170.224.213
2026-04-23 13:04:04,931 - NexusOrchestrator - INFO - Discovery phase complete. Identified 5 services.
2026-04-23 13:04:04,932 - NexusOrchestrator - ERROR - Critical Workflow Failure: 'list' object has no attribute 'get'
Traceback (most recent call last):
  File "C:\Users\user\Desktop\hex\backend\services\orchestrator.py", line 58, in run_unified_workflow
    findings = vuln_results.get("vulnerabilities", [])
               ^^^^^^^^^^^^^^^^
AttributeError: 'list' object has no attribute 'get'
2026-04-23 13:04:05,784 - NexusOrchestrator - INFO - Discovery phase complete. Identified 6 services.
2026-04-23 13:04:05,784 - NexusOrchestrator - ERROR - Critical Workflow Failure: 'list' object has no attribute 'get'
Traceback (most recent call last):
  File "C:\Users\user\Desktop\hex\backend\services\orchestrator.py", line 58, in run_unified_workflow
    findings = vuln_results.get("vulnerabilities", [])
               ^^^^^^^^^^^^^^^^
AttributeError: 'list' object has no attribute 'get'
2026-04-23 13:06:07,781 - NexusOrchestrator - INFO - Initiating Unified Workflow for Target: 200.170.224.213 [ScanID: 18]
2026-04-23 13:06:07,784 - HexScanner - INFO - Starting DEEP Robust Scan for 200.170.224.213
2026-04-23 13:06:31,609 - NexusOrchestrator - INFO - Discovery phase complete. Identified 6 services.
2026-04-23 13:06:31,610 - NexusOrchestrator - ERROR - Critical Workflow Failure: 'list' object has no attribute 'get'
Traceback (most recent call last):
  File "C:\Users\user\Desktop\hex\backend\services\orchestrator.py", line 58, in run_unified_workflow
    findings = vuln_results.get("vulnerabilities", [])
               ^^^^^^^^^^^^^^^^
AttributeError: 'list' object has no attribute 'get'
2026-04-23 13:10:07,658 - NexusOrchestrator - INFO - Initiating Unified Workflow for Target: 200.170.224.213 [ScanID: 18]
2026-04-23 13:10:07,660 - HexScanner - INFO - Starting DEEP Robust Scan for 200.170.224.213
2026-04-23 13:10:24,838 - NexusOrchestrator - INFO - Discovery phase complete. Identified 5 services.
2026-04-23 13:10:24,839 - NexusOrchestrator - ERROR - Critical Workflow Failure: 'list' object has no attribute 'get'
Traceback (most recent call last):
  File "C:\Users\user\Desktop\hex\backend\services\orchestrator.py", line 58, in run_unified_workflow
    findings = vuln_results.get("vulnerabilities", [])
               ^^^^^^^^^^^^^^^^
AttributeError: 'list' object has no attribute 'get'
2026-04-23 13:13:24,145 - NexusOrchestrator - INFO - Initiating Unified Workflow for Target: 35.195.128.127 [ScanID: 19]
2026-04-23 13:13:24,146 - HexScanner - INFO - Starting DEEP Robust Scan for 35.195.128.127
2026-04-23 13:13:38,318 - NexusOrchestrator - INFO - Discovery phase complete. Identified 4 services.
2026-04-23 13:13:38,318 - NexusOrchestrator - ERROR - Critical Workflow Failure: 'list' object has no attribute 'get'
Traceback (most recent call last):
  File "C:\Users\user\Desktop\hex\backend\services\orchestrator.py", line 58, in run_unified_workflow
    findings = vuln_results.get("vulnerabilities", [])
               ^^^^^^^^^^^^^^^^
AttributeError: 'list' object has no attribute 'get'
2026-04-23 13:20:45,344 - NexusOrchestrator - INFO - Initiating Unified Workflow for Target: 35.195.128.127 [ScanID: 19]
2026-04-23 13:20:45,349 - HexScanner - INFO - Starting DEEP Robust Scan for 35.195.128.127
2026-04-23 13:21:04,546 - NexusOrchestrator - INFO - Discovery phase complete. Identified 4 services.
2026-04-23 13:21:04,546 - NexusOrchestrator - ERROR - Critical Workflow Failure: 'list' object has no attribute 'get'
Traceback (most recent call last):
  File "C:\Users\user\Desktop\hex\backend\services\orchestrator.py", line 58, in run_unified_workflow
    findings = vuln_results.get("vulnerabilities", [])
               ^^^^^^^^^^^^^^^^
AttributeError: 'list' object has no attribute 'get'
2026-04-23 13:25:21,182 - NexusOrchestrator - INFO - Initiating Unified Workflow for Target: 92.119.88.18 [ScanID: 20]
2026-04-23 13:25:21,187 - HexScanner - INFO - Starting DEEP Robust Scan for 92.119.88.18
2026-04-23 13:25:32,376 - NexusOrchestrator - INFO - Discovery phase complete. Identified 5 services.
2026-04-23 13:25:32,376 - NexusOrchestrator - ERROR - Critical Workflow Failure: 'list' object has no attribute 'get'
Traceback (most recent call last):
  File "C:\Users\user\Desktop\hex\backend\services\orchestrator.py", line 58, in run_unified_workflow
    findings = vuln_results.get("vulnerabilities", [])
               ^^^^^^^^^^^^^^^^
AttributeError: 'list' object has no attribute 'get'
2026-04-23 13:31:20,314 - NexusOrchestrator - INFO - Initiating Unified Workflow for Target: 92.119.88.18 [ScanID: 20]
2026-04-23 13:31:20,319 - HexScanner - INFO - Starting DEEP Robust Scan for 92.119.88.18
2026-04-23 13:31:34,454 - NexusOrchestrator - INFO - Discovery phase complete. Identified 4 services.
2026-04-23 13:31:34,454 - NexusOrchestrator - ERROR - Critical Workflow Failure: 'list' object has no attribute 'get'
Traceback (most recent call last):
  File "C:\Users\user\Desktop\hex\backend\services\orchestrator.py", line 58, in run_unified_workflow
    findings = vuln_results.get("vulnerabilities", [])
               ^^^^^^^^^^^^^^^^
AttributeError: 'list' object has no attribute 'get'
2026-04-23 14:33:44,183 - NexusOrchestrator - INFO - Initiating Unified Workflow for Target: 92.119.88.18 [ScanID: 20]
2026-04-23 14:33:44,184 - HexScanner - INFO - Starting DEEP Robust Scan for 92.119.88.18
2026-04-23 14:34:00,894 - NexusOrchestrator - INFO - Discovery phase complete. Identified 4 services.
2026-04-23 14:34:00,895 - NexusOrchestrator - ERROR - Critical Workflow Failure: 'list' object has no attribute 'get'
Traceback (most recent call last):
  File "C:\Users\user\Desktop\hex\backend\services\orchestrator.py", line 58, in run_unified_workflow
    findings = vuln_results.get("vulnerabilities", [])
               ^^^^^^^^^^^^^^^^
AttributeError: 'list' object has no attribute 'get'
2026-04-26 14:26:10,474 - NexusOrchestrator - INFO - Initiating Unified Workflow for Target: google.com [ScanID: 21]
2026-04-26 14:26:10,476 - HexScanner - INFO - Starting DEEP Robust Scan for google.com
2026-04-26 14:26:18,121 - NexusOrchestrator - INFO - Discovery phase complete. Identified 2 services.
2026-04-26 14:26:18,122 - NexusOrchestrator - ERROR - Critical Workflow Failure: 'list' object has no attribute 'get'
Traceback (most recent call last):
  File "C:\Users\user\Desktop\hex\backend\services\orchestrator.py", line 58, in run_unified_workflow
    findings = vuln_results.get("vulnerabilities", [])
               ^^^^^^^^^^^^^^^^
AttributeError: 'list' object has no attribute 'get'
2026-04-27 23:11:34,516 - NexusOrchestrator - INFO - Initiating Unified Workflow for Target: google.com [ScanID: 21]
2026-04-27 23:11:34,518 - HexScanner - INFO - Starting DEEP Robust Scan for google.com
2026-04-27 23:11:47,484 - NexusOrchestrator - INFO - Discovery phase complete. Identified 2 services.
2026-04-27 23:11:47,485 - NexusOrchestrator - ERROR - Critical Workflow Failure: 'list' object has no attribute 'get'
Traceback (most recent call last):
  File "C:\Users\user\Desktop\hex\backend\services\orchestrator.py", line 58, in run_unified_workflow
    findings = vuln_results.get("vulnerabilities", [])
               ^^^^^^^^^^^^^^^^
AttributeError: 'list' object has no attribute 'get'
2026-05-07 11:17:01,141 - NexusOrchestrator - INFO - Initiating Unified Workflow for Target: google.com [ScanID: 21]
2026-05-07 11:17:01,144 - HexScanner - INFO - Starting DEEP Robust Scan for google.com
2026-05-07 11:17:09,136 - NexusOrchestrator - INFO - Discovery phase complete. Identified 2 services.
2026-05-07 11:17:09,136 - NexusOrchestrator - ERROR - Critical Workflow Failure: 'list' object has no attribute 'get'
Traceback (most recent call last):
  File "C:\Users\user\Desktop\hex\backend\services\orchestrator.py", line 58, in run_unified_workflow
    findings = vuln_results.get("vulnerabilities", [])
               ^^^^^^^^^^^^^^^^
AttributeError: 'list' object has no attribute 'get'
2026-05-10 18:05:25,306 - NexusOrchestrator - INFO - Initiating Unified Workflow for Target: google.com [ScanID: 21]
2026-05-10 18:05:25,308 - HexScanner - INFO - Starting DEEP Robust Scan for google.com
2026-05-10 18:05:37,976 - NexusOrchestrator - INFO - Discovery phase complete. Identified 2 services.
2026-05-10 18:05:37,977 - NexusOrchestrator - ERROR - Critical Workflow Failure: 'list' object has no attribute 'get'
Traceback (most recent call last):
  File "C:\Users\user\Desktop\hex\backend\services\orchestrator.py", line 58, in run_unified_workflow
    findings = vuln_results.get("vulnerabilities", [])
               ^^^^^^^^^^^^^^^^
AttributeError: 'list' object has no attribute 'get'
